#
# There is insufficient memory for the Java Runtime Environment to continue.
# Native memory allocation (mmap) failed to map 536870912 bytes for G1 virtual space
# Possible reasons:
#   The system is out of physical RAM or swap space
#   The process is running with CompressedOops enabled, and the Java Heap may be blocking the growth of the native heap
# Possible solutions:
#   Reduce memory load on the system
#   Increase physical memory or swap space
#   Check if swap backing store is full
#   Decrease Java heap size (-Xmx/-Xms)
#   Decrease number of Java threads
#   Decrease Java thread stack sizes (-Xss)
#   Set larger code cache with -XX:ReservedCodeCacheSize=
#   JVM is running with Zero Based Compressed Oops mode in which the Java heap is
#     placed in the first 32GB address space. The Java Heap base address is the
#     maximum limit for the native heap growth. Please use -XX:HeapBaseMinAddress
#     to set the Java Heap base and to place the Java Heap above 32GB virtual address.
# This output file may be truncated or incomplete.
#
#  Out of Memory Error (os_windows.cpp:3600), pid=21116, tid=21616
#
# JRE version:  (21.0.1+12) (build )
# Java VM: OpenJDK 64-Bit Server VM (21.0.1+12-LTS, mixed mode, sharing, tiered, compressed oops, compressed class ptrs, g1 gc, windows-amd64)
# No core dump will be written. Minidumps are not enabled by default on client versions of Windows
#

---------------  S U M M A R Y ------------

Command Line: -Dsun.java2d.pmoffscreen=false -Dhttps.protocols=TLSv1,TLSv1.1,TLSv1.2 -Dsun.java2d.xrender=false -Dsun.java2d.d3d=false -Dsun.awt.nopixfmt=true -Dsun.java2d.dpiaware=true -Dsun.java2d.uiScale.enabled=false -Dswing.aatext=true -XX:-UsePerfData -Djdk.map.althashing.threshold=512 -XX:StringTableSize=4072 -XX:+UseStringDeduplication -XX:MaxGCPauseMillis=200 -XX:ParallelGCThreads=4 -XX:+ParallelRefProcEnabled --add-opens=java.desktop/javax.swing.plaf.synth=ALL-UNNAMED --add-opens=java.base/java.nio=ALL-UNNAMED --add-opens=java.desktop/sun.swing=ALL-UNNAMED --add-opens=java.desktop/javax.swing=ALL-UNNAMED --add-opens=java.desktop/javax.swing.tree=ALL-UNNAMED --add-opens=java.desktop/javax.swing.plaf.basic=ALL-UNNAMED --add-opens=java.desktop/javax.swing.plaf.synth=ALL-UNNAMED --add-opens=java.desktop/javax.swing.plaf.basic=ALL-UNNAMED --add-opens=java.desktop/javax.swing=ALL-UNNAMED --add-opens=java.desktop/javax.swing.tree=ALL-UNNAMED --add-opens=java.desktop/java.awt.event=ALL-UNNAMED --add-exports=java.desktop/javax.swing.plaf.synth=ALL-UNNAMED --add-exports=java.base/java.nio=ALL-UNNAMED --add-exports=java.desktop/sun.swing=ALL-UNNAMED --add-exports=java.desktop/javax.swing=ALL-UNNAMED --add-exports=java.desktop/javax.swing.tree=ALL-UNNAMED --add-exports=java.desktop/javax.swing.plaf.basic=ALL-UNNAMED --add-exports=java.desktop/sun.swing=ALL-UNNAMED --add-exports=java.desktop/sun.swing.table=ALL-UNNAMED --add-exports=java.desktop/sun.swing.plaf.synth=ALL-UNNAMED --add-exports=java.desktop/sun.awt.shell=ALL-UNNAMED --add-exports=java.base/sun.security.action=ALL-UNNAMED --add-exports=java.desktop/sun.font=ALL-UNNAMED -XX:NewSize=80m -XX:MaxNewSize=80m -Xms512m -Xmx4072m -Xss10m 

Host: Intel(R) Core(TM) i5-1035G1 CPU @ 1.00GHz, 8 cores, 7G,  Windows 10 , 64 bit Build 19041 (10.0.19041.5198)
Time: Wed Jan 22 13:21:34 2025 SE Asia Standard Time elapsed time: 1.549600 seconds (0d 0h 0m 1s)

---------------  T H R E A D  ---------------

Current thread (0x0000025232c8a830):  JavaThread "Unknown thread" [_thread_in_vm, id=21616, stack(0x0000008ba6e00000,0x0000008ba6f00000) (1024K)]

Stack: [0x0000008ba6e00000,0x0000008ba6f00000]
Native frames: (J=compiled Java code, j=interpreted, Vv=VM code, C=native code)
V  [jvm.dll+0x6c7789]
V  [jvm.dll+0x8a2011]
V  [jvm.dll+0x8a44ae]
V  [jvm.dll+0x8a4b83]
V  [jvm.dll+0x27f936]
V  [jvm.dll+0x6c3f05]
V  [jvm.dll+0x6b8bfa]
V  [jvm.dll+0x35363a]
V  [jvm.dll+0x35b1e6]
V  [jvm.dll+0x3ac2be]
V  [jvm.dll+0x3ac568]
V  [jvm.dll+0x32787c]
V  [jvm.dll+0x3283db]
V  [jvm.dll+0x86b0f9]
V  [jvm.dll+0x3b9271]
V  [jvm.dll+0x8532c8]
V  [jvm.dll+0x44cffe]
V  [jvm.dll+0x44ea81]
C  [xv_commontasks.dll+0x3dad4a]
C  [xv_commontasks.dll+0x3dbe7a]
C  [xv_commontasks.dll+0x374990]
C  [xv_commontasks.dll+0x3740c5]
C  [xv_commontasks.dll+0x3725ce]
C  [ucrtbase.dll+0x21bb2]
C  [KERNEL32.DLL+0x17374]
C  [ntdll.dll+0x4cc91]


---------------  P R O C E S S  ---------------

Threads class SMR info:
_java_thread_list=0x00007ffcb565e088, length=0, elements={
}

Java Threads: ( => current thread )
Total: 0

Other Threads:
  0x000002522fd32c60 WorkerThread "GC Thread#0"                     [id=8588, stack(0x0000008ba7000000,0x0000008ba7100000) (1024K)]
  0x0000025233021b70 ConcurrentGCThread "G1 Main Marker"            [id=21988, stack(0x0000008ba7100000,0x0000008ba7200000) (1024K)]
  0x000002522c9228a0 WorkerThread "G1 Conc#0"                       [id=20060, stack(0x0000008ba8700000,0x0000008ba8800000) (1024K)]

[error occurred during error reporting (printing all threads), id 0xc0000005, EXCEPTION_ACCESS_VIOLATION (0xc0000005) at pc=0x00007ffcb4d6a1a7]
VM state: not at safepoint (not fully initialized)

VM Mutex/Monitor currently owned by a thread:  ([mutex/lock_event])
[0x00007ffcb56d1b28] Heap_lock - owner thread: 0x0000025232c8a830

Heap address: 0x0000000701800000, size: 4072 MB, Compressed Oops mode: Zero based, Oop shift amount: 3

CDS archive(s) mapped at: [0x0000000000000000-0x0000000000000000-0x0000000000000000), size 0, SharedBaseAddress: 0x0000000800000000, ArchiveRelocationMode: 1.
Narrow klass base: 0x0000000000000000, Narrow klass shift: 0, Narrow klass range: 0x0

GC Precious Log:
 CardTable entry size: 512
 Card Set container configuration: InlinePtr #cards 4 size 8 Array Of Cards #cards 16 size 48 Howl #buckets 8 coarsen threshold 3686 Howl Bitmap #cards 512 size 80 coarsen threshold 460 Card regions per heap region 1 cards per card region 4096

Heap:
 garbage-first heap   total 0K, used 0K [0x0000000701800000, 0x0000000800000000)
  region size 2048K, 0 young (0K), 0 survivors (0K)

[error occurred during error reporting (printing heap information), id 0xc0000005, EXCEPTION_ACCESS_VIOLATION (0xc0000005) at pc=0x00007ffcb51505d9]
GC Heap History (0 events):
No events

Dll operation events (1 events):
Event: 0.456 Loaded shared library E:\Vivado\Vivado\2024.2\tps\win64\jre21.0.1_12\bin\java.dll

Deoptimization events (0 events):
No events

Classes loaded (0 events):
No events

Classes unloaded (0 events):
No events

Classes redefined (0 events):
No events

Internal exceptions (0 events):
No events

ZGC Phase Switch (0 events):
No events

VM Operations (0 events):
No events

Events (0 events):
No events


Dynamic libraries:
0x00007ff633800000 - 0x00007ff633808000 	E:\Vivado\Vivado\2024.2\bin\unwrapped\win64.o\vivado.exe
0x00007ffd92bb0000 - 0x00007ffd92da8000 	C:\Windows\SYSTEM32\ntdll.dll
0x00007ffd90f30000 - 0x00007ffd90ff2000 	C:\Windows\System32\KERNEL32.DLL
0x00007ffd90500000 - 0x00007ffd907ff000 	C:\Windows\System32\KERNELBASE.dll
0x00007ffd90800000 - 0x00007ffd90900000 	C:\Windows\System32\ucrtbase.dll
0x00007ffd7e7d0000 - 0x00007ffd7e85d000 	C:\Windows\SYSTEM32\MSVCP140.dll
0x00007ffd7e860000 - 0x00007ffd7e87e000 	C:\Windows\SYSTEM32\VCRUNTIME140.dll
0x00007ffd7e7c0000 - 0x00007ffd7e7cc000 	C:\Windows\SYSTEM32\VCRUNTIME140_1.dll
0x00007ffcc4fc0000 - 0x00007ffcc662b000 	E:\Vivado\Vivado\2024.2\lib\win64.o\xv_common.dll
0x00007ffd53570000 - 0x00007ffd53597000 	E:\Vivado\Vivado\2024.2\lib\win64.o\xv_commonmain.dll
0x00007ffd90c50000 - 0x00007ffd90ded000 	C:\Windows\System32\USER32.dll
0x00007ffd90900000 - 0x00007ffd90922000 	C:\Windows\System32\win32u.dll
0x00007ffd91000000 - 0x00007ffd9102b000 	C:\Windows\System32\GDI32.dll
0x00007ffd7c680000 - 0x00007ffd7c689000 	C:\Windows\SYSTEM32\WSOCK32.dll
0x00007ffd909e0000 - 0x00007ffd90af7000 	C:\Windows\System32\gdi32full.dll
0x00007ffd919c0000 - 0x00007ffd91a5e000 	C:\Windows\System32\msvcrt.dll
0x00007ffd90270000 - 0x00007ffd9030d000 	C:\Windows\System32\msvcp_win.dll
0x00007ffd929c0000 - 0x00007ffd92a2b000 	C:\Windows\System32\WS2_32.dll
0x00007ffd91830000 - 0x00007ffd918e1000 	C:\Windows\System32\ADVAPI32.dll
0x00007ffd88fc0000 - 0x00007ffd88fcc000 	E:\Vivado\Vivado\2024.2\lib\win64.o\xv_commonversion.dll
0x00007ffd91920000 - 0x00007ffd919bf000 	C:\Windows\System32\sechost.dll
0x00007ffd92a40000 - 0x00007ffd92b63000 	C:\Windows\System32\RPCRT4.dll
0x00007ffd07b40000 - 0x00007ffd07d8d000 	E:\Vivado\Vivado\2024.2\lib\win64.o\xv_commonxillic.dll
0x00007ffd90240000 - 0x00007ffd90267000 	C:\Windows\System32\bcrypt.dll
0x00007ffd92250000 - 0x00007ffd929be000 	C:\Windows\System32\SHELL32.dll
0x00007ffd90b00000 - 0x00007ffd90b69000 	C:\Windows\System32\WINTRUST.dll
0x00007ffd53410000 - 0x00007ffd5343a000 	E:\Vivado\Vivado\2024.2\lib\win64.o\boost_filesystem.dll
0x00007ffcdfdd0000 - 0x00007ffcdff71000 	E:\Vivado\Vivado\2024.2\lib\win64.o\tcl86t.dll
0x00007ffcdf9a0000 - 0x00007ffcdfdd0000 	E:\Vivado\Vivado\2024.2\lib\win64.o\python38.dll
0x00007ffcc1e90000 - 0x00007ffcc309aa00 	E:\Vivado\Vivado\2024.2\lib\win64.o\xv_isl_iostreams.dll
0x00007ffd91770000 - 0x00007ffd917c5000 	C:\Windows\System32\SHLWAPI.dll
0x00007ffcdae20000 - 0x00007ffcdb136000 	E:\Vivado\Vivado\2024.2\lib\win64.o\libXil_lmgr11.dll
0x00007ffd91a70000 - 0x00007ffd91b4a000 	C:\Windows\System32\COMDLG32.dll
0x00007ffd91e40000 - 0x00007ffd92195000 	C:\Windows\System32\combase.dll
0x00007ffcdf850000 - 0x00007ffcdf994000 	E:\Vivado\Vivado\2024.2\lib\win64.o\boost_regex.dll
0x00007ffd91510000 - 0x00007ffd915bd000 	C:\Windows\System32\shcore.dll
0x00007ffd7ea30000 - 0x00007ffd7ea49000 	C:\Windows\SYSTEM32\NETAPI32.dll
0x00007ffd868c0000 - 0x00007ffd869cd000 	C:\Windows\SYSTEM32\WINHTTP.dll
0x00007ffd7d750000 - 0x00007ffd7dc29000 	C:\Windows\SYSTEM32\WININET.dll
0x00007ffd915c0000 - 0x00007ffd9168d000 	C:\Windows\System32\OLEAUT32.dll
0x00007ffd7f2f0000 - 0x00007ffd7f4e1000 	C:\Windows\SYSTEM32\urlmon.dll
0x00007ffd90df0000 - 0x00007ffd90f1b000 	C:\Windows\System32\ole32.dll
0x00007ffd903a0000 - 0x00007ffd904fc000 	C:\Windows\System32\CRYPT32.dll
0x00007ffd509f0000 - 0x00007ffd50a17000 	E:\Vivado\Vivado\2024.2\lib\win64.o\boost_thread.dll
0x00007ffd52fc0000 - 0x00007ffd52fd9000 	E:\Vivado\Vivado\2024.2\lib\win64.o\boost_date_time.dll
0x00007ffd509c0000 - 0x00007ffd509e4000 	E:\Vivado\Vivado\2024.2\lib\win64.o\xv_isl_sysinfo.dll
0x00007ffcdad80000 - 0x00007ffcdae14000 	E:\Vivado\Vivado\2024.2\lib\win64.o\boost_program_options.dll
0x00007ffd5b890000 - 0x00007ffd5b8a0000 	E:\Vivado\Vivado\2024.2\lib\win64.o\xv_boost_xilinx.dll
0x00007ffcda6d0000 - 0x00007ffcdab70000 	E:\Vivado\Vivado\2024.2\lib\win64.o\xv_COIN-all.dll
0x00007ffd509a0000 - 0x00007ffd509bc000 	E:\Vivado\Vivado\2024.2\lib\win64.o\librdiconfig.dll
0x00007ffcda2e0000 - 0x00007ffcda385000 	E:\Vivado\Vivado\2024.2\lib\win64.o\libhdxml.dll
0x00007ffd50980000 - 0x00007ffd5099a000 	E:\Vivado\Vivado\2024.2\lib\win64.o\pthreadVC2.dll
0x00007ffcc30a0000 - 0x00007ffcc4fb7000 	E:\Vivado\Vivado\2024.2\lib\win64.o\gurobi90.dll
0x00007ffd914b0000 - 0x00007ffd9150e000 	C:\Windows\System32\WLDAP32.dll
0x00007ffd90f20000 - 0x00007ffd90f28000 	C:\Windows\System32\Normaliz.dll
0x00007ffcda220000 - 0x00007ffcda2d7000 	E:\Vivado\Vivado\2024.2\lib\win64.o\libzstd.dll
0x00007ffcdf7d0000 - 0x00007ffcdf847000 	E:\Vivado\Vivado\2024.2\lib\win64.o\xv_lmx.dll
0x00007ffcda190000 - 0x00007ffcda212000 	E:\Vivado\Vivado\2024.2\lib\win64.o\libhdlpsolve.dll
0x00007ffd43c10000 - 0x00007ffd43c29000 	E:\Vivado\Vivado\2024.2\lib\win64.o\librdizlib.dll
0x00007ffd200f0000 - 0x00007ffd20120000 	C:\Windows\SYSTEM32\VCOMP140.DLL
0x00007ffcd9ec0000 - 0x00007ffcda181000 	E:\Vivado\Vivado\2024.2\lib\win64.o\xerces-c_3_2.dll
0x00007ffd900f0000 - 0x00007ffd9011e000 	C:\Windows\SYSTEM32\USERENV.dll
0x00007ffd516e0000 - 0x00007ffd5170a000 	E:\Vivado\Vivado\2024.2\lib\win64.o\zlib1.dll
0x00007ffd8b0c0000 - 0x00007ffd8b0ca000 	C:\Windows\SYSTEM32\VERSION.dll
0x00007ffd200b0000 - 0x00007ffd200cc000 	E:\Vivado\Vivado\2024.2\lib\win64.o\xv_isl_iosutils.dll
0x00007ffd055b0000 - 0x00007ffd055d1000 	E:\Vivado\Vivado\2024.2\lib\win64.o\boost_iostreams.dll
0x00007ffd6d880000 - 0x00007ffd6d930000 	C:\Windows\WinSxS\amd64_microsoft.windows.common-controls_6595b64144ccf1df_5.82.19041.4355_none_792ecafd2442822f\COMCTL32.dll
0x00007ffd7f000000 - 0x00007ffd7f2bf000 	C:\Windows\SYSTEM32\iertutil.dll
0x00007ffd8e2a0000 - 0x00007ffd8ea44000 	C:\Windows\SYSTEM32\windows.storage.dll
0x00007ffd7f2c0000 - 0x00007ffd7f2e8000 	C:\Windows\SYSTEM32\srvcli.dll
0x00007ffd8f6f0000 - 0x00007ffd8f6fc000 	C:\Windows\SYSTEM32\netutils.dll
0x00007ffd87790000 - 0x00007ffd877ad000 	C:\Windows\SYSTEM32\dhcpcsvc.DLL
0x00007ffd8fba0000 - 0x00007ffd8fbcf000 	C:\Windows\SYSTEM32\Wldp.dll
0x00007ffd8f900000 - 0x00007ffd8f96a000 	C:\Windows\SYSTEM32\MSWSOCK.DLL
0x00007ffd8f700000 - 0x00007ffd8f743000 	C:\Windows\SYSTEM32\LOGONCLI.DLL
0x00007ffd83670000 - 0x00007ffd83689000 	C:\Windows\SYSTEM32\SAMCLI.DLL
0x00007ffd918f0000 - 0x00007ffd9191f000 	C:\Windows\System32\IMM32.DLL
0x00007ffd8fd30000 - 0x00007ffd8fd42000 	C:\Windows\SYSTEM32\MSASN1.dll
0x00007ffd8ea60000 - 0x00007ffd8ea72000 	C:\Windows\SYSTEM32\kernel.appcore.dll
0x00007ffd8fb00000 - 0x00007ffd8fb18000 	C:\Windows\SYSTEM32\CRYPTSP.dll
0x00007ffd8f220000 - 0x00007ffd8f254000 	C:\Windows\system32\rsaenh.dll
0x00007ffd8faf0000 - 0x00007ffd8fafc000 	C:\Windows\SYSTEM32\CRYPTBASE.dll
0x00007ffd90310000 - 0x00007ffd90392000 	C:\Windows\System32\bcryptPrimitives.dll
0x00007ffd91e20000 - 0x00007ffd91e3d000 	C:\Windows\System32\imagehlp.dll
0x00007ffcb57c0000 - 0x00007ffcb5e8c000 	E:\Vivado\Vivado\2024.2\lib\win64.o\xv_commontasks.dll
0x00007ffcb4a30000 - 0x00007ffcb57b1000 	E:\Vivado\Vivado\2024.2\tps\win64\jre21.0.1_12\bin\server\jvm.dll
0x00007ffd90090000 - 0x00007ffd900db000 	C:\Windows\SYSTEM32\POWRPROF.dll
0x00007ffd7ea00000 - 0x00007ffd7ea27000 	C:\Windows\SYSTEM32\WINMM.dll
0x00007ffcb4530000 - 0x00007ffcb4a30000 	E:\Vivado\Vivado\2024.2\lib\win64.o\xv_sio.dll
0x00007ffd8f5e0000 - 0x00007ffd8f61b000 	C:\Windows\SYSTEM32\IPHLPAPI.DLL
0x00007ffd90070000 - 0x00007ffd90082000 	C:\Windows\SYSTEM32\UMPDC.dll
0x00007ffd8ea80000 - 0x00007ffd8eaa3000 	C:\Windows\SYSTEM32\gpapi.dll
0x00007ffd72010000 - 0x00007ffd72041000 	C:\Windows\System32\cryptnet.dll
0x00007ffd90170000 - 0x00007ffd90194000 	C:\Windows\SYSTEM32\profapi.dll
0x00007ffd87ee0000 - 0x00007ffd87eeb000 	C:\Windows\SYSTEM32\WINNSI.DLL
0x00007ffd91a60000 - 0x00007ffd91a68000 	C:\Windows\System32\NSI.dll
0x00007ffd90120000 - 0x00007ffd90152000 	C:\Windows\SYSTEM32\SspiCli.dll
0x00007ffd51630000 - 0x00007ffd51647000 	C:\Windows\system32\napinsp.dll
0x00007ffd250e0000 - 0x00007ffd250fb000 	C:\Windows\system32\pnrpnsp.dll
0x00007ffd8c960000 - 0x00007ffd8c975000 	C:\Windows\system32\wshbth.dll
0x00007ffd8b7a0000 - 0x00007ffd8b7bd000 	C:\Windows\system32\NLAapi.dll
0x00007ffd8f620000 - 0x00007ffd8f6ea000 	C:\Windows\SYSTEM32\DNSAPI.dll
0x00007ffd250c0000 - 0x00007ffd250d2000 	C:\Windows\System32\winrnr.dll
0x00007ffd8f340000 - 0x00007ffd8f359000 	C:\Windows\SYSTEM32\wkscli.dll
0x00007ffd71f30000 - 0x00007ffd71f42000 	C:\Windows\SYSTEM32\cscapi.dll
0x00007ffcacff0000 - 0x00007ffcb0ec5000 	E:\Vivado\Vivado\2024.2\lib\win64.o\xv_tcltasks.dll
0x00007ffcaa420000 - 0x00007ffcac108000 	E:\Vivado\Vivado\2024.2\lib\win64.o\xv_implflow.dll
0x00007ffcacf10000 - 0x00007ffcacfe9000 	E:\Vivado\Vivado\2024.2\lib\win64.o\xv_xhubtasks.dll
0x00007ffca9820000 - 0x00007ffcaa41c000 	E:\Vivado\Vivado\2024.2\lib\win64.o\xv_project.dll
0x00007ffcac110000 - 0x00007ffcaceef000 	E:\Vivado\Vivado\2024.2\lib\win64.o\xv_power.dll
0x00007ffca3e10000 - 0x00007ffca981f000 	E:\Vivado\Vivado\2024.2\lib\win64.o\xv_route.dll
0x00007ffc98a70000 - 0x00007ffc9e3d5000 	E:\Vivado\Vivado\2024.2\lib\win64.o\xv_place.dll
0x00007ffca29e0000 - 0x00007ffca31a1000 	E:\Vivado\Vivado\2024.2\lib\win64.o\xv_runs.dll
0x00007ffca31b0000 - 0x00007ffca3e04000 	E:\Vivado\Vivado\2024.2\lib\win64.o\xv_lopt.dll
0x00007ffca1bc0000 - 0x00007ffca286d000 	E:\Vivado\Vivado\2024.2\lib\win64.o\xv_drc.dll
0x00007ffca0fc0000 - 0x00007ffca1bbe000 	E:\Vivado\Vivado\2024.2\lib\win64.o\xv_rsb.dll
0x00007ffca2870000 - 0x00007ffca29d6000 	E:\Vivado\Vivado\2024.2\lib\win64.o\xv_chipscope.dll
0x00007ffd57970000 - 0x00007ffd57a7c000 	E:\Vivado\Vivado\2024.2\lib\win64.o\xv_dsp.dll
0x00007ffc9e3e0000 - 0x00007ffca0fba000 	E:\Vivado\Vivado\2024.2\lib\win64.o\xv_mig.dll
0x00007ffd576e0000 - 0x00007ffd57965000 	E:\Vivado\Vivado\2024.2\lib\win64.o\xv_chipscopeimpl.dll
0x00007ffc96610000 - 0x00007ffc97f09000 	E:\Vivado\Vivado\2024.2\lib\win64.o\xv_timing.dll
0x00007ffc985d0000 - 0x00007ffc98a67000 	E:\Vivado\Vivado\2024.2\lib\win64.o\xv_dlyest.dll
0x00007ffd57660000 - 0x00007ffd576d9000 	E:\Vivado\Vivado\2024.2\lib\win64.o\xv_pfi.dll
0x00007ffc97f10000 - 0x00007ffc985cf000 	E:\Vivado\Vivado\2024.2\lib\win64.o\xv_memdata.dll
0x00007ffc93490000 - 0x00007ffc96031000 	E:\Vivado\Vivado\2024.2\lib\win64.o\xv_designutils.dll
0x00007ffc96040000 - 0x00007ffc96608000 	E:\Vivado\Vivado\2024.2\lib\win64.o\xv_bitstream.dll
0x00007ffd575c0000 - 0x00007ffd5765f000 	E:\Vivado\Vivado\2024.2\lib\win64.o\xv_boarddep.dll
0x00007ffc8b340000 - 0x00007ffc8eeea000 	E:\Vivado\Vivado\2024.2\lib\win64.o\xv_constraints.dll

dbghelp: loaded successfully - version: 4.0.5 - missing functions: none
symbol engine: initialized successfully - sym options: 0x614 - pdb path: .;E:\Vivado\Vivado\2024.2\bin\unwrapped\win64.o;C:\Windows\SYSTEM32;E:\Vivado\Vivado\2024.2\lib\win64.o;C:\Windows\WinSxS\amd64_microsoft.windows.common-controls_6595b64144ccf1df_5.82.19041.4355_none_792ecafd2442822f;E:\Vivado\Vivado\2024.2\tps\win64\jre21.0.1_12\bin\server;E:\Vivado\Vivado\2024.2\tps\win64\jre21.0.1_12\bin

VM Arguments:
jvm_args: -Dsun.java2d.pmoffscreen=false -Dhttps.protocols=TLSv1,TLSv1.1,TLSv1.2 -Dsun.java2d.xrender=false -Dsun.java2d.d3d=false -Dsun.awt.nopixfmt=true -Dsun.java2d.dpiaware=true -Dsun.java2d.uiScale.enabled=false -Dswing.aatext=true -XX:-UsePerfData -Djdk.map.althashing.threshold=512 -XX:StringTableSize=4072 -XX:+UseStringDeduplication -XX:MaxGCPauseMillis=200 -XX:ParallelGCThreads=4 -XX:+ParallelRefProcEnabled --add-opens=java.desktop/javax.swing.plaf.synth=ALL-UNNAMED --add-opens=java.base/java.nio=ALL-UNNAMED --add-opens=java.desktop/sun.swing=ALL-UNNAMED --add-opens=java.desktop/javax.swing=ALL-UNNAMED --add-opens=java.desktop/javax.swing.tree=ALL-UNNAMED --add-opens=java.desktop/javax.swing.plaf.basic=ALL-UNNAMED --add-opens=java.desktop/javax.swing.plaf.synth=ALL-UNNAMED --add-opens=java.desktop/javax.swing.plaf.basic=ALL-UNNAMED --add-opens=java.desktop/javax.swing=ALL-UNNAMED --add-opens=java.desktop/javax.swing.tree=ALL-UNNAMED --add-opens=java.desktop/java.awt.event=ALL-UNNAMED --add-exports=java.desktop/javax.swing.plaf.synth=ALL-UNNAMED --add-exports=java.base/java.nio=ALL-UNNAMED --add-exports=java.desktop/sun.swing=ALL-UNNAMED --add-exports=java.desktop/javax.swing=ALL-UNNAMED --add-exports=java.desktop/javax.swing.tree=ALL-UNNAMED --add-exports=java.desktop/javax.swing.plaf.basic=ALL-UNNAMED --add-exports=java.desktop/sun.swing=ALL-UNNAMED --add-exports=java.desktop/sun.swing.table=ALL-UNNAMED --add-exports=java.desktop/sun.swing.plaf.synth=ALL-UNNAMED --add-exports=java.desktop/sun.awt.shell=ALL-UNNAMED --add-exports=java.base/sun.security.action=ALL-UNNAMED --add-exports=java.desktop/sun.font=ALL-UNNAMED -XX:NewSize=80m -XX:MaxNewSize=80m -Xms512m -Xmx4072m -Xss10m 
java_command: <unknown>
java_class_path (initial): E:/Vivado/Vivado/2024.2\lib\classes\apiguardian-api-1.1.0.jar;E:/Vivado/Vivado/2024.2\lib\classes\asm-9.6-11.0.11-3.jar;E:/Vivado/Vivado/2024.2\lib\classes\asm-analysis-9.6-11.0.11-3.jar;E:/Vivado/Vivado/2024.2\lib\classes\asm-commons-9.6-11.0.11-3.jar;E:/Vivado/Vivado/2024.2\lib\classes\asm-tree-9.6-11.0.11-3.jar;E:/Vivado/Vivado/2024.2\lib\classes\autoesl-models-1.0.0-3.jar;E:/Vivado/Vivado/2024.2\lib\classes\batik-anim-1.0.0-3.jar;E:/Vivado/Vivado/2024.2\lib\classes\batik-awt-util-1.0.0-3.jar;E:/Vivado/Vivado/2024.2\lib\classes\batik-bridge-1.0.0-3.jar;E:/Vivado/Vivado/2024.2\lib\classes\batik-codec-1.0.0-3.jar;E:/Vivado/Vivado/2024.2\lib\classes\batik-constants-1.0.0-3.jar;E:/Vivado/Vivado/2024.2\lib\classes\batik-css-1.0.0-3.jar;E:/Vivado/Vivado/2024.2\lib\classes\batik-dom-1.0.0-3.jar;E:/Vivado/Vivado/2024.2\lib\classes\batik-ext-1.0.0-3.jar;E:/Vivado/Vivado/2024.2\lib\classes\batik-gui-util-1.0.0-3.jar;E:/Vivado/Vivado/2024.2\lib\classes\batik-gvt-1.0.0-3.jar;E:/Vivado/Vivado/2024.2\lib\classes\batik-i18n-1.0.0-3.jar;E:/Vivado/Vivado/2024.2\lib\classes\batik-parser-1.0.0-3.jar;E:/Vivado/Vivado/2024.2\lib\classes\batik-script-1.0.0-3.jar;E:/Vivado/Vivado/2024.2\lib\classes\batik-svg-dom-1.0.0-3.jar;E:/Vivado/Vivado/2024.2\lib\classes\batik-svggen-1.0.0-3.jar;E:/Vivado/Vivado/2024.2\lib\classes\batik-swing-1.0.0-3.jar;E:/Vivado/Vivado/2024.2\lib\classes\batik-transcoder-1.0.0-3.jar;E:/Vivado/Vivado/2024.2\lib\classes\batik-util-1.0.0-3.jar;E:/Vivado/Vivado/2024.2\lib\classes\batik-xml-1.0.0-3.jar;E:/Vivado/Vivado/2024.2\lib\classes\checker-qual-3.12.0.jar;E:/Vivado/Vivado/2024.2\lib\classes\com.fasterxml.jackson.core.jackson-annotations_2.12.1.v20210128-1726-1.0.0-3.jar;E:/Vivado/Vivado/2024.2\lib\classes\com.fasterxml.jackson.core.jackson-annotations_2.12.1.v20210128-1726-1.5.0-3.jar;E:/Vivado/Vivado/2024.2\lib\classes\com.fasterxml.jackson.core.jackson-core_2.12.1.v20210128-1726-1.0.0-3.jar;E:/Vivado/Vivado/2024.2\lib\classes\com.fasterxml.jackson.core.jackson-core_2.12.1.v20210128-1726-1.5.0-3.jar;E:/Vivado/Vivado/2024.2\lib\classes\com.fasterxml.jackson.core.jackson-databind_2.12.1.v20210128-1726-1.0.0-3.jar;E:/Vivado/Vivado/2024.2\lib\classes\com.fasterxml.jackson.core.jackson-databind_2.12.1.v20210128-1726-1.5.0-3.jar;E:/Vivado/Vivado/2024.2\lib\classes\com.google.gson_2.8.9.v20220111-1409-1.5.0-3.jar;E:/Vivado/Vivado/2024.2\lib\classes\com.google.guava_30.1.0.v20210127-2300-1.5.0-3.jar;E:/Vivado/Vivado/2024.2\lib\classes\com.sigasi.hdt.connection_4.17.2.202304211001-1.5.0-3.jar;E:/Vivado/Vivado/2024.2\lib\classes\com.sigasi.hdt.epl_4.17.2.202304211001-1.5.0-3.jar;E:/Vivado/Vivado/2024.2\lib\classes\com.sigasi.hdt.project_4.17.2.202304211001-1.5.0-3.jar;E:/Vivado/Vivado/2024.2\lib\classes\com.sigasi.hdt.readonlyfilesystem_4.17.2.202304211001-1.5.0-3.jar;E:/Vivado/Vivado/2024.2\lib\classes\com.sigasi.hdt.shared_4.17.2.202304211001-1.5.0-3.jar;E:/Vivado/Vivado/2024.2\lib\classes\com.sigasi.lcm_4.17.2.202304211001-1.5.0-3.jar;E:/Vivado/Vivado/2024.2\lib\classes\com.sigasi.lsp.server.extensions_4.17.2.202304211001-1.5.0-3.jar;E:/Vivado/Vivado/2024.2\lib\classes\com.sigasi.sdk.client_1.5.0.202304211001-1.5.0-3.jar;E:/Vivado/Vivado/2024.2\lib\classes\commons-collections4-4.1-3.7.8-3.jar;E:/Vivado/Vivado/2024.2\lib\classes\commons-compress-1.21-3.7.8-3.jar;E:/Vivado/Vivado/2024.2\lib\classes\commons-io-2.15.0-11.0.11-3.jar;E:/Vivado/Vivado/2024.2\lib\classes\commons-io-2.6.jar;E:/Vivado/Vivado/2024.2\lib\classes\commons-lang3-3.14.0-11.0.11-3.jar;E:/Vivado/Vivado/2024.2\lib\classes\commons-math-2.2-3.7.8-3.jar;E:/Vivado/Vivado/2024.2\lib\classes\DispatchProtocol-1.24.0-151.jar;E:/Vivado/Vivado/2024.2\lib\classes\dom4j-1.6.1-3.7.8-3.jar;E:/Vivado/Vivado/2024.2\lib\classes\error_prone_annotations-2.11.0.jar;E:/Vivado/Vivado/2024.2\lib\classes\failureaccess-1.0.1.jar;E:/Vivado/Vivado/2024.2\lib\classes\frank_frameworks-1.0.0-151.jar;E:/Vivado/Vivado/2024.2\lib\classes\gson-2.8.9.jar;E:/Vivado/Vivado/2024.2\lib\classes\guava-31.1-android.jar;E:/Vivado/Vivado/2024.2\lib\classes\help-1.24.0-19.jar;E:/Vivado/Vivado/2024.2\lib\classes\hsqldb-3.7.8-3.jar;E:/Vivado/Vivado/2024.2\lib\classes\j2objc-annotations-1.3.jar;E:/Vivado/Vivado/2024.2\lib\classes\jakarta.annotation-api-2.1.0-11.0.11-3.jar;E:/Vivado/Vivado/2024.2\lib\classes\jakarta.json-2.0.0-RC2-1.5.0-3.jar;E:/Vivado/Vivado/2024.2\lib\classes\jakarta.json-api-2.0.0-RC2-1.5.0-3.jar;E:/Vivado/Vivado/2024.2\lib\classes\jakarta.transaction-api-2.0.0-11.0.11-3.jar;E:/Vivado/Vivado/2024.2\lib\classes\jaxb-api-2.3.0.jar;E:/Vivado/Vivado/2024.2\lib\classes\jericho-html-3.4-1.0.0-3.jar;E:/Vivado/Vivado/2024.2\lib\classes\jetty-jakarta-servlet-api-5.0.2-11.0.11-3.jar;E:/Vivado/Vivado/2024.2\lib\classes\jh-2.0.05-3.jar;E:/Vivado/Vivado/2024.2\lib\classes\jide-action-3.7.8-3.jar;E:/Vivado/Vivado/2024.2\lib\classes\jide-charts-3.7.8-3.jar;E:/Vivado/Vivado/2024.2\lib\classes\jide-common-3.7.8-3.jar;E:/Vivado/Vivado/2024.2\lib\classes\jide-components-3.7.8-3.jar;E:/Vivado/Vivado/2024.2\lib\classes\jide-dashboard-3.7.8-3.jar;E:/Vivado/Vivado/2024.2\lib\classes\jide-data-3.7.8-3.jar;E:/Vivado/Vivado/2024.2\lib\classes\jide-dialogs-3.7.8-3.jar;E:/Vivado/Vivado/2024.2\lib\classes\jide-diff-3.7.8-3.jar;E:/Vivado/Vivado/2024.2\lib\classes\jide-dock-3.7.8-3.jar;E:/Vivado/Vivado/2024.2\lib\classes\jide-editor-3.7.8-3.jar;E:/Vivado/Vivado/2024.2\lib\classes\jide-gantt-3.7.8-3.jar;E:/Vivado/Vivado/2024.2\lib\classes\jide-grids-3.7.8-3.jar;E:/Vivado/Vivado/2024.2\lib\classes\jide-pivot-3.7.8-3.jar;E:/Vivado/Vivado/2024.2\lib\classes\jide-plaf-jdk7-3.7.8-3.jar;E:/Vivado/Vivado/2024.2\lib\classes\jide-properties-3.7.8-3.jar;E:/Vivado/Vivado/2024.2\lib\classes\jide-shortcut-3.7.8-3.jar;E:/Vivado/Vivado/2024.2\lib\classes\jide-treemap-3.7.8-3.jar;E:/Vivado/Vivado/2024.2\lib\classes\JRCClient-1.24.0-151.jar;E:/Vivado/Vivado/2024.2\lib\classes\jsr305-3.0.2.jar;E:/Vivado/Vivado/2024.2\lib\classes\junit-jupiter-api-5.6.2.jar;E:/Vivado/Vivado/2024.2\lib\classes\junit-platform-commons-1.6.2.jar;E:/Vivado/Vivado/2024.2\lib\classes\justify-3.0.0-RC2-1.5.0-3.jar;E:/Vivado/Vivado/2024.2\lib\classes\jydocking-3.3.1-3.jar;E:/Vivado/Vivado/2024.2\lib\classes\jytable-3.3.1-3.jar;E:/Vivado/Vivado/2024.2\lib\classes\jywidgets-3.3.1-3.jar;E:/Vivado/Vivado/2024.2\lib\classes\listenablefuture-9999.0-empty-to-avoid-conflict-with-guava.jar;E:/Vivado/Vivado/2024.2\lib\classes\log4j-1.2-api-2.17.1-1.5.0-3.jar;E:/Vivado/Vivado/2024.2\lib\classes\log4j-api-2.17.1-1.5.0-3.jar;E:/Vivado/Vivado/2024.2\lib\classes\log4j-core-2.17.1-1.5.0-3.jar;E:/Vivado/Vivado/2024.2\lib\classes\lucene-analyzers-common-4.10.2-3.7.8-3.jar;E:/Vivado/Vivado/2024.2\lib\classes\lucene-core-4.10.2-3.7.8-3.jar;E:/Vivado/Vivado/2024.2\lib\classes\lucene-queryparser-4.10.2-3.7.8-3.jar;E:/Vivado/Vivado/2024.2\lib\classes\matlab_jmi-1.0.0-3.jar;E:/Vivado/Vivado/2024.2\lib\classes\miglayout-3.7.3.1.jar;E:/Vivado/Vivado/2024.2\lib\classes\nlview_java-1.0.0-3.jar;E:/Vivado/Vivado/2024.2\lib\classes\opentest4j-1.2.0.jar;E:/Vivado/Vivado/2024.2\lib\classes\org.apache.commons.lang_2.6.0.v201404270220-1.0.0-3.jar;E:/Vivado/Vivado/2024.2\lib\classes\org.eclipse.core.commands-3.6.0-1.0.0-3.jar;E:/Vivado/Vivado/2024.2\lib\classes\org.eclipse.core.filesystem_1.7.400.v20190518-1151-1.0.0-3.jar;E:/Vivado/Vivado/2024.2\lib\classes\org.eclipse.core.jobs_3.10.400.v20190506-1457-1.0.0-3.jar;E:/Vivado/Vivado/2024.2\lib\classes\org.eclipse.core.resources_3.13.400.v20190505-1655-1.0.0-3.jar;E:/Vivado/Vivado/2024.2\lib\classes\org.eclipse.emf.common_2.18.0.v20191225-1014-1.0.0-3.jar;E:/Vivado/Vivado/2024.2\lib\classes\org.eclipse.emf.common_2.24.0.v20220123-0838-1.5.0-3.jar;E:/Vivado/Vivado/2024.2\lib\classes\org.eclipse.emf.ecore.xmi_2.16.0.v20190528-0725-1.0.0-3.jar;E:/Vivado/Vivado/2024.2\lib\classes\org.eclipse.emf.ecore_2.21.0.v20200127-1342-1.0.0-3.jar;E:/Vivado/Vivado/2024.2\lib\classes\org.eclipse.equinox.common_3.11.0.v20200206-0817-1.0.0-3.jar;E:/Vivado/Vivado/2024.2\lib\classes\org.eclipse.equinox.registry_3.8.400.v20190516-1504-1.0.0-3.jar;E:/Vivado/Vivado/2024.2\lib\classes\org.eclipse.jetty.alpn.client_11.0.18-11.0.11-3.jar;E:/Vivado/Vivado/2024.2\lib\classes\org.eclipse.jetty.annotations_11.0.18-11.0.11-3.jar;E:/Vivado/Vivado/2024.2\lib\classes\org.eclipse.jetty.client_11.0.18-11.0.11-3.jar;E:/Vivado/Vivado/2024.2\lib\classes\org.eclipse.jetty.http_11.0.18-11.0.11-3.jar;E:/Vivado/Vivado/2024.2\lib\classes\org.eclipse.jetty.io_11.0.18-11.0.11-3.jar;E:/Vivado/Vivado/2024.2\lib\classes\org.eclipse.jetty.jndi_11.0.18-11.0.11-3.jar;E:/Vivado/Vivado/2024.2\lib\classes\org.eclipse.jetty.plus_11.0.18-11.0.11-3.jar;E:/Vivado/Vivado/2024.2\lib\classes\org.eclipse.jetty.security_11.0.18-11.0.11-3.jar;E:/Vivado/Vivado/2024.2\lib\classes\org.eclipse.jetty.server_11.0.18-11.0.11-3.jar;E:/Vivado/Vivado/2024.2\lib\classes\org.eclipse.jetty.servlet_11.0.18-11.0.11-3.jar;E:/Vivado/Vivado/2024.2\lib\classes\org.eclipse.jetty.util_11.0.18-11.0.11-3.jar;E:/Vivado/Vivado/2024.2\lib\classes\org.eclipse.jetty.webapp_11.0.18-11.0.11-3.jar;E:/Vivado/Vivado/2024.2\lib\classes\org.eclipse.jetty.websocket.api_11.0.18-11.0.11-3.jar;E:/Vivado/Vivado/2024.2\lib\classes\org.eclipse.jetty.websocket.client_11.0.18-11.0.11-3.jar;E:/Vivado/Vivado/2024.2\lib\classes\org.eclipse.jetty.websocket.common_11.0.18-11.0.11-3.jar;E:/Vivado/Vivado/2024.2\lib\classes\org.eclipse.jetty.websocket.core.client_11.0.18-11.0.11-3.jar;E:/Vivado/Vivado/2024.2\lib\classes\org.eclipse.jetty.websocket.core.common_11.0.18-11.0.11-3.jar;E:/Vivado/Vivado/2024.2\lib\classes\org.eclipse.jetty.websocket.core.server_11.0.18-11.0.11-3.jar;E:/Vivado/Vivado/2024.2\lib\classes\org.eclipse.jetty.websocket.server_11.0.18-11.0.11-3.jar;E:/Vivado/Vivado/2024.2\lib\classes\org.eclipse.jetty.websocket.servlet_11.0.18-11.0.11-3.jar;E:/Vivado/Vivado/2024.2\lib\classes\org.eclipse.jetty.xml_11.0.18-11.0.11-3.jar;E:/Vivado/Vivado/2024.2\lib\classes\org.eclipse.lsp4j.jsonrpc_0.12.0.v20210402-1305-1.5.0-3.jar;E:/Vivado/Vivado/2024.2\lib\classes\org.eclipse.lsp4j_0.12.0.v20210402-1305-1.5.0-3.jar;E:/Vivado/Vivado/2024.2\lib\classes\org.eclipse.xtext.util_2.18.0.v20190603-1042-1.0.0-3.jar;E:/Vivado/Vivado/2024.2\lib\classes\org.eclipse.xtext.util_2.26.0.v20220228-0751-1.5.0-3.jar;E:/Vivado/Vivado/2024.2\lib\classes\org.eclipse.xtext.xbase.lib_2.26.0.v20220228-0748-1.5.0-3.jar;E:/Vivado/Vivado/2024.2\lib\classes\picocli-4.1.2.jar;E:/Vivado/Vivado/2024.2\lib\classes\planAhead.jar;E:/Vivado/Vivado/2024.2\lib\classes\poi-4.1.1-3.7.8-3.jar;E:/Vivado/Vivado/2024.2\lib\classes\poi-ooxml-4.1.1-3.7.8-3.jar;E:/Vivado/Vivado/2024.2\lib\classes\poi-ooxml-schemas-4.1.1-3.7.8-3.jar;E:/Vivado/Vivado/2024.2\lib\classes\protobuf-java-3.21.12.jar;E:/Vivado/Vivado/2024.2\lib\classes\protobuf-java-util-3.21.12.jar;E:/Vivado/Vivado/2024.2\lib\classes\RuleService-1.24.0-151.jar;E:/Vivado/Vivado/2024.2\lib\classes\slf4j-api-2.0.9-11.0.11-3.jar;E:/Vivado/Vivado/2024.2\lib\classes\swingx-core-1.6.2-3.jar;E:/Vivado/Vivado/2024.2\lib\classes\synthetica-3.3.1-3.jar;E:/Vivado/Vivado/2024.2\lib\classes\syntheticaAddons-3.3.1-3.jar;E:/Vivado/Vivado/2024.2\lib\classes\syntheticaDark-3.3.1-3.jar;E:/Vivado/Vivado/2024.2\lib\classes\syntheticaPlain-3.3.1-3.jar;E:/Vivado/Vivado/2024.2\lib\classes\syntheticaPlainAddon-3.3.1-3.jar;E:/Vivado/Vivado/2024.2\lib\classes\sysgen.jar;E:/Vivado/Vivado/2024.2\lib\classes\va-shared-1.0.0-151.jar;E:/Vivado/Vivado/2024.2\lib\classes\VlmGUI.jar;E:/Vivado/Vivado/2024.2\lib\classes\xml-apis-ext-1.0.0-3.jar;E:/Vivado/Vivado/2024.2\lib\classes\xmlbeans-3.1.0-3.7.8-3.jar;E:/Vivado/Vivado/2024.2\lib\classes\xmlgraphics-commons-1.0.0-3.jar;E:/Vivado/Vivado/2024.2\lib\classes\yfiles-for-java-swing-3.3.0-3.jar;E:/Vivado/Vivado/2024.2\lib\classes\windows\gluegen-rt-95.0.4638.69-3.jar;E:/Vivado/Vivado/2024.2\lib\classes\windows\gluegen-rt-natives-windows-amd64-95.0.4638.69-3.jar;E:/Vivado/Vivado/2024.2\lib\classes\windows\javafx-swt-21.0.1-3.jar;E:/Vivado/Vivado/2024.2\lib\classes\windows\javafx.base-21.0.1-3.jar;E:/Vivado/Vivado/2024.2\lib\classes\windows\javafx.controls-21.0.1-3.jar;E:/Vivado/Vivado/2024.2\lib\classes\windows\javafx.fxml-21.0.1-3.jar;E:/Vivado/Vivado/2024.2\lib\classes\windows\javafx.graphics-21.0.1-3.jar;E:/Vivado/Vivado/2024.2\lib\classes\windows\javafx.media-21.0.1-3.jar;E:/Vivado/Vivado/2024.2\lib\classes\windows\javafx.swing-21.0.1-3.jar;E:/Vivado/Vivado/2024.2\lib\classes\windows\javafx.web-21.0.1-3.jar;E:/Vivado/Vivado/2024.2\lib\classes\windows\jcef-95.0.4638.69-3.jar;E:/Vivado/Vivado/2024.2\lib\classes\windows\jcef-tests-95.0.4638.69-3.jar;E:/Vivado/Vivado/2024.2\lib\classes\windows\jogl-all-95.0.4638.69-3.jar;E:/Vivado/Vivado/2024.2\lib\classes\windows\jogl-all-natives-windows-amd64-95.0.4638.69-3.jar
Launcher Type: generic

[Global flags]
     intx CICompilerCount                          = 4                                         {product} {ergonomic}
     uint ConcGCThreads                            = 1                                         {product} {ergonomic}
     uint G1ConcRefinementThreads                  = 4                                         {product} {ergonomic}
   size_t G1HeapRegionSize                         = 2097152                                   {product} {ergonomic}
    uintx GCDrainStackTargetSize                   = 64                                        {product} {ergonomic}
   size_t InitialHeapSize                          = 536870912                                 {product} {command line}
   size_t MarkStackSize                            = 4194304                                   {product} {ergonomic}
    uintx MaxGCPauseMillis                         = 200                                       {product} {command line}
   size_t MaxHeapSize                              = 4269801472                                {product} {command line}
   size_t MaxNewSize                               = 83886080                                  {product} {command line}
   size_t MinHeapDeltaBytes                        = 2097152                                   {product} {ergonomic}
   size_t MinHeapSize                              = 536870912                                 {product} {command line}
   size_t NewSize                                  = 83886080                                  {product} {command line}
    uintx NonNMethodCodeHeapSize                   = 5839372                                {pd product} {ergonomic}
    uintx NonProfiledCodeHeapSize                  = 122909434                              {pd product} {ergonomic}
     uint ParallelGCThreads                        = 4                                         {product} {command line}
     bool ParallelRefProcEnabled                   = true                                      {product} {command line}
    uintx ProfiledCodeHeapSize                     = 122909434                              {pd product} {ergonomic}
    uintx ReservedCodeCacheSize                    = 251658240                              {pd product} {ergonomic}
     bool SegmentedCodeCache                       = true                                      {product} {ergonomic}
   size_t SoftMaxHeapSize                          = 4269801472                             {manageable} {ergonomic}
    uintx StringTableSize                          = 4072                                      {product} {command line}
     intx ThreadStackSize                          = 10240                                  {pd product} {command line}
     bool UseCompressedOops                        = true                           {product lp64_product} {ergonomic}
     bool UseG1GC                                  = true                                      {product} {ergonomic}
     bool UseLargePagesIndividualAllocation        = false                                  {pd product} {ergonomic}
     bool UsePerfData                              = false                                     {product} {command line}
     bool UseStringDeduplication                   = true                                      {product} {command line}

Logging:
Log output configuration:
 #0: stdout all=warning uptime,level,tags foldmultilines=false
 #1: stderr all=off uptime,level,tags foldmultilines=false

Environment Variables:
JAVA_HOME=C:\Program Files\Java\jdk-22
PATH=E:/Vivado/Vivado/2024.2\gnuwin\bin;E:/Vivado/Vivado/2024.2\gnu\microblaze\nt\bin;E:/Vivado/Vivado/2024.2/bin;E:/Vivado/Vivado/2024.2/tps/win64/java-cef-95.0.4638.69/bin/lib/win64;E:/Vivado/Vivado/2024.2/tps/win64/javafx-sdk-21.0.1/lib;E:/Vivado/Vivado/2024.2/tps/win64/javafx-sdk-21.0.1/bin;E:/Vivado/Vivado/2024.2/lib/win64.o;E:/Vivado/Vivado/2024.2/tps/win64/jre21.0.1_12/bin/server;E:/Vivado/Vivado/2024.2/tps/win64/jre21.0.1_12/bin;E:/Vivado/Vitis/2024.2/bin;E:/Vivado/Vivado/2024.2/ids_lite/ISE/bin/nt64;E:/Vivado/Vivado/2024.2/ids_lite/ISE/lib/nt64;E:/Vivado/Vitis_HLS/2024.2/bin;C:\ProgramData\anaconda3\condabin;c:\Users\bloom\AppData\Local\Programs\cursor\resources\app\bin;C:\Program Files\Java\jdk-22;C:\Program Files\Common Files\Oracle\Java\javapath;C:\Program Files (x86)\Common Files\Oracle\Java\java8path;C:\Program Files (x86)\Common Files\Oracle\Java\javapath;C:\Windows\system32;C:\Windows;C:\Windows\System32\Wbem;C:\Windows\System32\WindowsPowerShell\v1.0\;C:\Windows\System32\OpenSSH\;C:\Program Files\dotnet\;C:\Program Files\Microsoft SQL Server\150\Tools\Binn\;C:\Program Files\Microsoft SQL Server\Client SDK\ODBC\170\Tools\Binn\;C:\Program Files\MATLAB\R2023b\bin;C:\Users\bloom\AppData\Local\Microsoft\WindowsApps;C:\Users\bloom\.dotnet\tools;C:\Users\bloom\AppData\Local\Programs\Python\Python39\Scripts;C:\Users\bloom\AppData\Local\Programs\Python\Python310\Scripts;C:\Users\bloom\AppData\Roaming\npm;C:\Users\bloom\AppData\Local\GitHubDesktop\bin;C:\msys64\ucrt64\bin;C:\Program Files\Java\scripts;C:\Program Files\Java\jdk-22\bin;C:\Users\bloom\AppData\Roaming\nvm;C:\Program Files\nodejs;C:\Program Files\Git\cmd;C:\Users\bloom\AppData\Local\Programs\Microsoft VS Code\bin;C:\cygwin64\bin;C:\Users\bloom\AppData\Local\Programs\Python\Python311;C:\ProgramData\anaconda3\Scripts;C:\ProgramData\anaconda3;C:\ProgramData\anaconda3\Library\bin;;E:/Vivado/Vivado/2024.2\tps\mingw\6.2.0\win64.o\nt\bin;E:/Vivado/Vivado/2024.2\tps\mingw\6.2.0\win64.o\nt\libexec\gcc\x86_64-w64-mingw32\6.2.0;E:/Vivado/Vivado/2024.2\tps\win64\python-3.8.3;E:/Vivado/Vivado/2024.2\tps\win64\python-3.8.3\bin;E:/Vivado/Vivado/2024.2\tps\win64\python-3.8.3\lib;E:/Vivado/Vivado/2024.2\tps\win64\python-3.8.3\lib\site-packages
USERNAME=bloom
OS=Windows_NT
PROCESSOR_IDENTIFIER=Intel64 Family 6 Model 126 Stepping 5, GenuineIntel
TMP=C:\Users\bloom\AppData\Local\Temp
TEMP=C:\Users\bloom\AppData\Local\Temp




Periodic native trim disabled

---------------  S Y S T E M  ---------------

OS:
 Windows 10 , 64 bit Build 19041 (10.0.19041.5198)
OS uptime: 0 days 0:13 hours

CPU: total 8 (initial active 8) (4 cores per cpu, 2 threads per core) family 6 model 126 stepping 5 microcode 0xa8, cx8, cmov, fxsr, ht, mmx, 3dnowpref, sse, sse2, sse3, ssse3, sse4.1, sse4.2, popcnt, lzcnt, tsc, tscinvbit, avx, avx2, aes, erms, clmul, bmi1, bmi2, adx, avx512f, avx512dq, avx512cd, avx512bw, avx512vl, sha, fma, vzeroupper, avx512_vpopcntdq, avx512_vpclmulqdq, avx512_vaes, avx512_vnni, clflush, clflushopt, avx512_vbmi2, avx512_vbmi, rdtscp, rdpid, fsrm, gfni, avx512_bitalg, f16c, pku, avx512_ifma
Processor Information for all 8 processors :
  Max Mhz: 1190, Current Mhz: 991, Mhz Limit: 987

Memory: 4k page, system-wide physical 7934M (459M free)
TotalPageFile size 32472M (AvailPageFile size 430M)
current process WorkingSet (physical memory assigned to process): 101M, peak: 151M
current process commit charge ("private bytes"): 275M, peak: 787M

vm_info: OpenJDK 64-Bit Server VM (21.0.1+12-LTS) for windows-amd64 JRE (21.0.1+12-LTS), built on 2023-10-17T00:00:00Z by "admin" with unknown MS VC++:1937

END.
