#-----------------------------------------------------------
# Vivado v2024.2.1 (64-bit)
# SW Build 5266912 on Sun Dec 15 09:03:24 MST 2024
# IP Build 5264866 on Sun Dec 15 16:27:47 MST 2024
# SharedData Build 5264680 on Wed Dec 11 12:48:36 MST 2024
# Start of session at: Wed Jan 22 13:18:33 2025
# Process ID         : 21116
# Current directory  : D:/Documents/College Year 2/2110363 HW SYN LAB I/2110363-HW-SYN-LAB-I/Lab02-03/ProjectLab02-03
# Command line       : vivado.exe -gui_launcher_event rodinguilauncherevent9136 D:\Documents\College Year 2\2110363 HW SYN LAB I\2110363-HW-SYN-LAB-I\Lab02-03\ProjectLab02-03\ProjectLab02-03.xpr
# Log file           : D:/Documents/College Year 2/2110363 HW SYN LAB I/2110363-HW-SYN-LAB-I/Lab02-03/ProjectLab02-03/vivado.log
# Journal file       : D:/Documents/College Year 2/2110363 HW SYN LAB I/2110363-HW-SYN-LAB-I/Lab02-03/ProjectLab02-03\vivado.jou
# Running On         : LAPTOP-NM75R4JE
# Platform           : Windows Server 2016 or Windows 10
# Operating System   : 19045
# Processor Detail   : Intel(R) Core(TM) i5-1035G1 CPU @ 1.00GHz
# CPU Frequency      : 1190 MHz
# CPU Physical cores : 4
# CPU Logical cores  : 8
# Host memory        : 8319 MB
# Swap memory        : 13306 MB
# Total Virtual      : 21626 MB
# Available Virtual  : 2796 MB
#-----------------------------------------------------------
start_gui
